2024-05-27 06:09:16 INFO  ProjectStartupHandler.runActivity(74) - ---------- Project opened ----------
2024-05-27 06:09:16 INFO  ProjectStartupHandler.runActivity(75) - ---------- Version 4.03 ----------

2024-05-27 06:09:16 INFO  ApacheHttpClient.isSessionAppropriateWithSecretKey(602) - Waiting for server response.
2024-05-27 06:09:16 INFO  ApacheHttpClient.isSessionAppropriateWithSecretKey(602) - Waiting for server response.
2024-05-27 06:09:17 INFO  ApacheHttpClient.refreshUserInfo(305) - responseCode = 200
2024-05-27 06:09:17 INFO  ApacheHttpClient.refreshUserInfo(311) - User information received.
2024-05-27 06:09:17 INFO  ApacheHttpClient.startGA(36) - GAService started.
2024-05-27 06:09:17 INFO  ApacheHttpClient.getWebResourceAsStream(502) - responseCode = 200
2024-05-27 06:09:18 INFO  ApacheHttpClient.getFilteredTasks(336) - responseCode = 200
2024-05-27 06:09:20 INFO  ApacheHttpClient.getTaskTemplateInfo(353) - responseCode = 200
2024-05-27 06:09:20 INFO  TaskInfoSelectorMouseListener.createDirectoryRecursive(78) - File created :/home/rust/Документы/IdeaProjects/JavaRush/JavaRushTasks/JavaRushTasks/2.JavaCore/src/com/javarush/task/task16/task1618
2024-05-27 06:12:05 INFO  ApacheHttpClient.getWebResourceAsStream(502) - responseCode = 200
2024-05-27 06:12:05 WARN  AdvertisementDialog.<init>(76) - Error while setting button visibility.
java.lang.NoSuchFieldException: myOptionsButtons
	at java.base/java.lang.Class.getDeclaredField(Class.java:2610)
	at com.homework.plugin.dialog.AdvertisementDialog.<init>(AdvertisementDialog.java:70)
	at com.homework.plugin.button.ValidateButton.actionPerformed(ValidateButton.java:91)
	at com.intellij.openapi.actionSystem.impl.ActionButton.actionPerformed(ActionButton.java:234)
	at com.intellij.openapi.actionSystem.impl.ActionButton.lambda$performAction$2(ActionButton.java:213)
	at com.intellij.openapi.actionSystem.impl.ActionManagerImpl.performWithActionCallbacks(ActionManagerImpl.kt:1161)
	at com.intellij.openapi.actionSystem.ex.ActionUtil.performDumbAwareWithCallbacks(ActionUtil.kt:321)
	at com.intellij.openapi.actionSystem.impl.ActionButton.performAction(ActionButton.java:213)
	at com.intellij.openapi.actionSystem.impl.ActionButton.processMouseEvent(ActionButton.java:531)
	at java.desktop/java.awt.Component.processEvent(Component.java:6422)
	at java.desktop/java.awt.Container.processEvent(Container.java:2266)
	at java.desktop/java.awt.Component.dispatchEventImpl(Component.java:5027)
	at java.desktop/java.awt.Container.dispatchEventImpl(Container.java:2324)
	at java.desktop/java.awt.Component.dispatchEvent(Component.java:4855)
	at java.desktop/java.awt.LightweightDispatcher.retargetMouseEvent(Container.java:4969)
	at java.desktop/java.awt.LightweightDispatcher.processMouseEvent(Container.java:4583)
	at java.desktop/java.awt.LightweightDispatcher.dispatchEvent(Container.java:4524)
	at java.desktop/java.awt.Container.dispatchEventImpl(Container.java:2310)
	at java.desktop/java.awt.Window.dispatchEventImpl(Window.java:2809)
	at java.desktop/java.awt.Component.dispatchEvent(Component.java:4855)
	at java.desktop/java.awt.EventQueue.dispatchEventImpl(EventQueue.java:794)
	at java.desktop/java.awt.EventQueue$3.run(EventQueue.java:739)
	at java.desktop/java.awt.EventQueue$3.run(EventQueue.java:733)
	at java.base/java.security.AccessController.doPrivileged(AccessController.java:399)
	at java.base/java.security.ProtectionDomain$JavaSecurityAccessImpl.doIntersectionPrivilege(ProtectionDomain.java:86)
	at java.base/java.security.ProtectionDomain$JavaSecurityAccessImpl.doIntersectionPrivilege(ProtectionDomain.java:97)
	at java.desktop/java.awt.EventQueue$4.run(EventQueue.java:766)
	at java.desktop/java.awt.EventQueue$4.run(EventQueue.java:764)
	at java.base/java.security.AccessController.doPrivileged(AccessController.java:399)
	at java.base/java.security.ProtectionDomain$JavaSecurityAccessImpl.doIntersectionPrivilege(ProtectionDomain.java:86)
	at java.desktop/java.awt.EventQueue.dispatchEvent(EventQueue.java:763)
	at com.intellij.ide.IdeEventQueue.defaultDispatchEvent(IdeEventQueue.kt:699)
	at com.intellij.ide.IdeEventQueue.dispatchMouseEvent(IdeEventQueue.kt:638)
	at com.intellij.ide.IdeEventQueue._dispatchEvent$lambda$10(IdeEventQueue.kt:584)
	at com.intellij.openapi.application.impl.RwLockHolder.runWithEnabledImplicitRead(RwLockHolder.kt:138)
	at com.intellij.openapi.application.impl.RwLockHolder.runWithImplicitRead(RwLockHolder.kt:129)
	at com.intellij.ide.IdeEventQueue._dispatchEvent(IdeEventQueue.kt:584)
	at com.intellij.ide.IdeEventQueue.access$_dispatchEvent(IdeEventQueue.kt:77)
	at com.intellij.ide.IdeEventQueue$dispatchEvent$processEventRunnable$1$1$1.compute(IdeEventQueue.kt:362)
	at com.intellij.ide.IdeEventQueue$dispatchEvent$processEventRunnable$1$1$1.compute(IdeEventQueue.kt:361)
	at com.intellij.openapi.progress.impl.CoreProgressManager.computePrioritized(CoreProgressManager.java:843)
	at com.intellij.ide.IdeEventQueue$dispatchEvent$processEventRunnable$1$1.invoke(IdeEventQueue.kt:361)
	at com.intellij.ide.IdeEventQueue$dispatchEvent$processEventRunnable$1$1.invoke(IdeEventQueue.kt:356)
	at com.intellij.ide.IdeEventQueueKt.performActivity$lambda$1(IdeEventQueue.kt:1022)
	at com.intellij.openapi.application.TransactionGuardImpl.performActivity(TransactionGuardImpl.java:114)
	at com.intellij.ide.IdeEventQueueKt.performActivity(IdeEventQueue.kt:1022)
	at com.intellij.ide.IdeEventQueue.dispatchEvent$lambda$7(IdeEventQueue.kt:356)
	at com.intellij.openapi.application.impl.RwLockHolder.runIntendedWriteActionOnCurrentThread(RwLockHolder.kt:209)
	at com.intellij.openapi.application.impl.ApplicationImpl.runIntendedWriteActionOnCurrentThread(ApplicationImpl.java:830)
	at com.intellij.ide.IdeEventQueue.dispatchEvent(IdeEventQueue.kt:398)
	at java.desktop/java.awt.EventDispatchThread.pumpOneEventForFilters(EventDispatchThread.java:207)
	at java.desktop/java.awt.EventDispatchThread.pumpEventsForFilter(EventDispatchThread.java:128)
	at java.desktop/java.awt.EventDispatchThread.pumpEventsForHierarchy(EventDispatchThread.java:117)
	at java.desktop/java.awt.EventDispatchThread.pumpEvents(EventDispatchThread.java:113)
	at java.desktop/java.awt.EventDispatchThread.pumpEvents(EventDispatchThread.java:105)
	at java.desktop/java.awt.EventDispatchThread.run(EventDispatchThread.java:92)
2024-05-27 06:12:06 INFO  ApacheHttpClient.getTask(488) - responseCode = 200
2024-05-27 06:12:11 INFO  ApacheHttpClient.completed(32) - responseCode = 200
2024-05-27 06:12:11 INFO  ApacheHttpClient.getTask(488) - responseCode = 200
2024-05-27 06:12:14 INFO  ApacheHttpClient.getWebResourceAsStream(502) - responseCode = 200
2024-05-27 06:12:14 INFO  ApacheHttpClient.getFilteredTasks(336) - responseCode = 200
2024-05-27 06:12:16 INFO  ApacheHttpClient.getTaskTemplateInfo(353) - responseCode = 200
2024-05-27 06:12:16 INFO  TaskInfoSelectorMouseListener.createDirectoryRecursive(78) - File created :/home/rust/Документы/IdeaProjects/JavaRush/JavaRushTasks/JavaRushTasks/2.JavaCore/src/com/javarush/task/task16/task1619
2024-05-27 06:16:03 INFO  ApacheHttpClient.getWebResourceAsStream(502) - responseCode = 200
2024-05-27 06:16:03 WARN  AdvertisementDialog.<init>(76) - Error while setting button visibility.
java.lang.NoSuchFieldException: myOptionsButtons
	at java.base/java.lang.Class.getDeclaredField(Class.java:2610)
	at com.homework.plugin.dialog.AdvertisementDialog.<init>(AdvertisementDialog.java:70)
	at com.homework.plugin.button.ValidateButton.actionPerformed(ValidateButton.java:91)
	at com.intellij.openapi.actionSystem.impl.ActionButton.actionPerformed(ActionButton.java:234)
	at com.intellij.openapi.actionSystem.impl.ActionButton.lambda$performAction$2(ActionButton.java:213)
	at com.intellij.openapi.actionSystem.impl.ActionManagerImpl.performWithActionCallbacks(ActionManagerImpl.kt:1161)
	at com.intellij.openapi.actionSystem.ex.ActionUtil.performDumbAwareWithCallbacks(ActionUtil.kt:321)
	at com.intellij.openapi.actionSystem.impl.ActionButton.performAction(ActionButton.java:213)
	at com.intellij.openapi.actionSystem.impl.ActionButton.processMouseEvent(ActionButton.java:531)
	at java.desktop/java.awt.Component.processEvent(Component.java:6422)
	at java.desktop/java.awt.Container.processEvent(Container.java:2266)
	at java.desktop/java.awt.Component.dispatchEventImpl(Component.java:5027)
	at java.desktop/java.awt.Container.dispatchEventImpl(Container.java:2324)
	at java.desktop/java.awt.Component.dispatchEvent(Component.java:4855)
	at java.desktop/java.awt.LightweightDispatcher.retargetMouseEvent(Container.java:4969)
	at java.desktop/java.awt.LightweightDispatcher.processMouseEvent(Container.java:4583)
	at java.desktop/java.awt.LightweightDispatcher.dispatchEvent(Container.java:4524)
	at java.desktop/java.awt.Container.dispatchEventImpl(Container.java:2310)
	at java.desktop/java.awt.Window.dispatchEventImpl(Window.java:2809)
	at java.desktop/java.awt.Component.dispatchEvent(Component.java:4855)
	at java.desktop/java.awt.EventQueue.dispatchEventImpl(EventQueue.java:794)
	at java.desktop/java.awt.EventQueue$3.run(EventQueue.java:739)
	at java.desktop/java.awt.EventQueue$3.run(EventQueue.java:733)
	at java.base/java.security.AccessController.doPrivileged(AccessController.java:399)
	at java.base/java.security.ProtectionDomain$JavaSecurityAccessImpl.doIntersectionPrivilege(ProtectionDomain.java:86)
	at java.base/java.security.ProtectionDomain$JavaSecurityAccessImpl.doIntersectionPrivilege(ProtectionDomain.java:97)
	at java.desktop/java.awt.EventQueue$4.run(EventQueue.java:766)
	at java.desktop/java.awt.EventQueue$4.run(EventQueue.java:764)
	at java.base/java.security.AccessController.doPrivileged(AccessController.java:399)
	at java.base/java.security.ProtectionDomain$JavaSecurityAccessImpl.doIntersectionPrivilege(ProtectionDomain.java:86)
	at java.desktop/java.awt.EventQueue.dispatchEvent(EventQueue.java:763)
	at com.intellij.ide.IdeEventQueue.defaultDispatchEvent(IdeEventQueue.kt:699)
	at com.intellij.ide.IdeEventQueue.dispatchMouseEvent(IdeEventQueue.kt:638)
	at com.intellij.ide.IdeEventQueue._dispatchEvent$lambda$10(IdeEventQueue.kt:584)
	at com.intellij.openapi.application.impl.RwLockHolder.runWithEnabledImplicitRead(RwLockHolder.kt:138)
	at com.intellij.openapi.application.impl.RwLockHolder.runWithImplicitRead(RwLockHolder.kt:129)
	at com.intellij.ide.IdeEventQueue._dispatchEvent(IdeEventQueue.kt:584)
	at com.intellij.ide.IdeEventQueue.access$_dispatchEvent(IdeEventQueue.kt:77)
	at com.intellij.ide.IdeEventQueue$dispatchEvent$processEventRunnable$1$1$1.compute(IdeEventQueue.kt:362)
	at com.intellij.ide.IdeEventQueue$dispatchEvent$processEventRunnable$1$1$1.compute(IdeEventQueue.kt:361)
	at com.intellij.openapi.progress.impl.CoreProgressManager.computePrioritized(CoreProgressManager.java:843)
	at com.intellij.ide.IdeEventQueue$dispatchEvent$processEventRunnable$1$1.invoke(IdeEventQueue.kt:361)
	at com.intellij.ide.IdeEventQueue$dispatchEvent$processEventRunnable$1$1.invoke(IdeEventQueue.kt:356)
	at com.intellij.ide.IdeEventQueueKt.performActivity$lambda$1(IdeEventQueue.kt:1022)
	at com.intellij.openapi.application.TransactionGuardImpl.performActivity(TransactionGuardImpl.java:114)
	at com.intellij.ide.IdeEventQueueKt.performActivity(IdeEventQueue.kt:1022)
	at com.intellij.ide.IdeEventQueue.dispatchEvent$lambda$7(IdeEventQueue.kt:356)
	at com.intellij.openapi.application.impl.RwLockHolder.runIntendedWriteActionOnCurrentThread(RwLockHolder.kt:209)
	at com.intellij.openapi.application.impl.ApplicationImpl.runIntendedWriteActionOnCurrentThread(ApplicationImpl.java:830)
	at com.intellij.ide.IdeEventQueue.dispatchEvent(IdeEventQueue.kt:398)
	at java.desktop/java.awt.EventDispatchThread.pumpOneEventForFilters(EventDispatchThread.java:207)
	at java.desktop/java.awt.EventDispatchThread.pumpEventsForFilter(EventDispatchThread.java:128)
	at java.desktop/java.awt.EventDispatchThread.pumpEventsForHierarchy(EventDispatchThread.java:117)
	at java.desktop/java.awt.EventDispatchThread.pumpEvents(EventDispatchThread.java:113)
	at java.desktop/java.awt.EventDispatchThread.pumpEvents(EventDispatchThread.java:105)
	at java.desktop/java.awt.EventDispatchThread.run(EventDispatchThread.java:92)
2024-05-27 06:16:04 INFO  ApacheHttpClient.getTask(488) - responseCode = 200
2024-05-27 06:16:09 INFO  ApacheHttpClient.completed(32) - responseCode = 200
2024-05-27 06:16:54 INFO  ApacheHttpClient.getWebResourceAsStream(502) - responseCode = 200
2024-05-27 06:16:54 WARN  AdvertisementDialog.<init>(76) - Error while setting button visibility.
java.lang.NoSuchFieldException: myOptionsButtons
	at java.base/java.lang.Class.getDeclaredField(Class.java:2610)
	at com.homework.plugin.dialog.AdvertisementDialog.<init>(AdvertisementDialog.java:70)
	at com.homework.plugin.button.ValidateButton.actionPerformed(ValidateButton.java:91)
	at com.intellij.openapi.actionSystem.impl.ActionButton.actionPerformed(ActionButton.java:234)
	at com.intellij.openapi.actionSystem.impl.ActionButton.lambda$performAction$2(ActionButton.java:213)
	at com.intellij.openapi.actionSystem.impl.ActionManagerImpl.performWithActionCallbacks(ActionManagerImpl.kt:1161)
	at com.intellij.openapi.actionSystem.ex.ActionUtil.performDumbAwareWithCallbacks(ActionUtil.kt:321)
	at com.intellij.openapi.actionSystem.impl.ActionButton.performAction(ActionButton.java:213)
	at com.intellij.openapi.actionSystem.impl.ActionButton.processMouseEvent(ActionButton.java:531)
	at java.desktop/java.awt.Component.processEvent(Component.java:6422)
	at java.desktop/java.awt.Container.processEvent(Container.java:2266)
	at java.desktop/java.awt.Component.dispatchEventImpl(Component.java:5027)
	at java.desktop/java.awt.Container.dispatchEventImpl(Container.java:2324)
	at java.desktop/java.awt.Component.dispatchEvent(Component.java:4855)
	at java.desktop/java.awt.LightweightDispatcher.retargetMouseEvent(Container.java:4969)
	at java.desktop/java.awt.LightweightDispatcher.processMouseEvent(Container.java:4583)
	at java.desktop/java.awt.LightweightDispatcher.dispatchEvent(Container.java:4524)
	at java.desktop/java.awt.Container.dispatchEventImpl(Container.java:2310)
	at java.desktop/java.awt.Window.dispatchEventImpl(Window.java:2809)
	at java.desktop/java.awt.Component.dispatchEvent(Component.java:4855)
	at java.desktop/java.awt.EventQueue.dispatchEventImpl(EventQueue.java:794)
	at java.desktop/java.awt.EventQueue$3.run(EventQueue.java:739)
	at java.desktop/java.awt.EventQueue$3.run(EventQueue.java:733)
	at java.base/java.security.AccessController.doPrivileged(AccessController.java:399)
	at java.base/java.security.ProtectionDomain$JavaSecurityAccessImpl.doIntersectionPrivilege(ProtectionDomain.java:86)
	at java.base/java.security.ProtectionDomain$JavaSecurityAccessImpl.doIntersectionPrivilege(ProtectionDomain.java:97)
	at java.desktop/java.awt.EventQueue$4.run(EventQueue.java:766)
	at java.desktop/java.awt.EventQueue$4.run(EventQueue.java:764)
	at java.base/java.security.AccessController.doPrivileged(AccessController.java:399)
	at java.base/java.security.ProtectionDomain$JavaSecurityAccessImpl.doIntersectionPrivilege(ProtectionDomain.java:86)
	at java.desktop/java.awt.EventQueue.dispatchEvent(EventQueue.java:763)
	at com.intellij.ide.IdeEventQueue.defaultDispatchEvent(IdeEventQueue.kt:699)
	at com.intellij.ide.IdeEventQueue.dispatchMouseEvent(IdeEventQueue.kt:638)
	at com.intellij.ide.IdeEventQueue._dispatchEvent$lambda$10(IdeEventQueue.kt:584)
	at com.intellij.openapi.application.impl.RwLockHolder.runWithEnabledImplicitRead(RwLockHolder.kt:138)
	at com.intellij.openapi.application.impl.RwLockHolder.runWithImplicitRead(RwLockHolder.kt:129)
	at com.intellij.ide.IdeEventQueue._dispatchEvent(IdeEventQueue.kt:584)
	at com.intellij.ide.IdeEventQueue.access$_dispatchEvent(IdeEventQueue.kt:77)
	at com.intellij.ide.IdeEventQueue$dispatchEvent$processEventRunnable$1$1$1.compute(IdeEventQueue.kt:362)
	at com.intellij.ide.IdeEventQueue$dispatchEvent$processEventRunnable$1$1$1.compute(IdeEventQueue.kt:361)
	at com.intellij.openapi.progress.impl.CoreProgressManager.computePrioritized(CoreProgressManager.java:843)
	at com.intellij.ide.IdeEventQueue$dispatchEvent$processEventRunnable$1$1.invoke(IdeEventQueue.kt:361)
	at com.intellij.ide.IdeEventQueue$dispatchEvent$processEventRunnable$1$1.invoke(IdeEventQueue.kt:356)
	at com.intellij.ide.IdeEventQueueKt.performActivity$lambda$1(IdeEventQueue.kt:1022)
	at com.intellij.openapi.application.TransactionGuardImpl.performActivity(TransactionGuardImpl.java:114)
	at com.intellij.ide.IdeEventQueueKt.performActivity(IdeEventQueue.kt:1022)
	at com.intellij.ide.IdeEventQueue.dispatchEvent$lambda$7(IdeEventQueue.kt:356)
	at com.intellij.openapi.application.impl.RwLockHolder.runIntendedWriteActionOnCurrentThread(RwLockHolder.kt:209)
	at com.intellij.openapi.application.impl.ApplicationImpl.runIntendedWriteActionOnCurrentThread(ApplicationImpl.java:830)
	at com.intellij.ide.IdeEventQueue.dispatchEvent(IdeEventQueue.kt:398)
	at java.desktop/java.awt.EventDispatchThread.pumpOneEventForFilters(EventDispatchThread.java:207)
	at java.desktop/java.awt.EventDispatchThread.pumpEventsForFilter(EventDispatchThread.java:128)
	at java.desktop/java.awt.EventDispatchThread.pumpEventsForHierarchy(EventDispatchThread.java:117)
	at java.desktop/java.awt.EventDispatchThread.pumpEvents(EventDispatchThread.java:113)
	at java.desktop/java.awt.EventDispatchThread.pumpEvents(EventDispatchThread.java:105)
	at java.desktop/java.awt.EventDispatchThread.run(EventDispatchThread.java:92)
2024-05-27 06:16:54 INFO  ApacheHttpClient.getTask(488) - responseCode = 200
2024-05-27 06:17:04 INFO  ApacheHttpClient.completed(32) - responseCode = 200
2024-05-27 06:17:18 INFO  ApacheHttpClient.getWebResourceAsStream(502) - responseCode = 200
2024-05-27 06:17:18 WARN  AdvertisementDialog.<init>(76) - Error while setting button visibility.
java.lang.NoSuchFieldException: myOptionsButtons
	at java.base/java.lang.Class.getDeclaredField(Class.java:2610)
	at com.homework.plugin.dialog.AdvertisementDialog.<init>(AdvertisementDialog.java:70)
	at com.homework.plugin.button.ValidateButton.actionPerformed(ValidateButton.java:91)
	at com.intellij.openapi.actionSystem.impl.ActionButton.actionPerformed(ActionButton.java:234)
	at com.intellij.openapi.actionSystem.impl.ActionButton.lambda$performAction$2(ActionButton.java:213)
	at com.intellij.openapi.actionSystem.impl.ActionManagerImpl.performWithActionCallbacks(ActionManagerImpl.kt:1161)
	at com.intellij.openapi.actionSystem.ex.ActionUtil.performDumbAwareWithCallbacks(ActionUtil.kt:321)
	at com.intellij.openapi.actionSystem.impl.ActionButton.performAction(ActionButton.java:213)
	at com.intellij.openapi.actionSystem.impl.ActionButton.processMouseEvent(ActionButton.java:531)
	at java.desktop/java.awt.Component.processEvent(Component.java:6422)
	at java.desktop/java.awt.Container.processEvent(Container.java:2266)
	at java.desktop/java.awt.Component.dispatchEventImpl(Component.java:5027)
	at java.desktop/java.awt.Container.dispatchEventImpl(Container.java:2324)
	at java.desktop/java.awt.Component.dispatchEvent(Component.java:4855)
	at java.desktop/java.awt.LightweightDispatcher.retargetMouseEvent(Container.java:4969)
	at java.desktop/java.awt.LightweightDispatcher.processMouseEvent(Container.java:4583)
	at java.desktop/java.awt.LightweightDispatcher.dispatchEvent(Container.java:4524)
	at java.desktop/java.awt.Container.dispatchEventImpl(Container.java:2310)
	at java.desktop/java.awt.Window.dispatchEventImpl(Window.java:2809)
	at java.desktop/java.awt.Component.dispatchEvent(Component.java:4855)
	at java.desktop/java.awt.EventQueue.dispatchEventImpl(EventQueue.java:794)
	at java.desktop/java.awt.EventQueue$3.run(EventQueue.java:739)
	at java.desktop/java.awt.EventQueue$3.run(EventQueue.java:733)
	at java.base/java.security.AccessController.doPrivileged(AccessController.java:399)
	at java.base/java.security.ProtectionDomain$JavaSecurityAccessImpl.doIntersectionPrivilege(ProtectionDomain.java:86)
	at java.base/java.security.ProtectionDomain$JavaSecurityAccessImpl.doIntersectionPrivilege(ProtectionDomain.java:97)
	at java.desktop/java.awt.EventQueue$4.run(EventQueue.java:766)
	at java.desktop/java.awt.EventQueue$4.run(EventQueue.java:764)
	at java.base/java.security.AccessController.doPrivileged(AccessController.java:399)
	at java.base/java.security.ProtectionDomain$JavaSecurityAccessImpl.doIntersectionPrivilege(ProtectionDomain.java:86)
	at java.desktop/java.awt.EventQueue.dispatchEvent(EventQueue.java:763)
	at com.intellij.ide.IdeEventQueue.defaultDispatchEvent(IdeEventQueue.kt:699)
	at com.intellij.ide.IdeEventQueue.dispatchMouseEvent(IdeEventQueue.kt:638)
	at com.intellij.ide.IdeEventQueue._dispatchEvent$lambda$10(IdeEventQueue.kt:584)
	at com.intellij.openapi.application.impl.RwLockHolder.runWithEnabledImplicitRead(RwLockHolder.kt:138)
	at com.intellij.openapi.application.impl.RwLockHolder.runWithImplicitRead(RwLockHolder.kt:129)
	at com.intellij.ide.IdeEventQueue._dispatchEvent(IdeEventQueue.kt:584)
	at com.intellij.ide.IdeEventQueue.access$_dispatchEvent(IdeEventQueue.kt:77)
	at com.intellij.ide.IdeEventQueue$dispatchEvent$processEventRunnable$1$1$1.compute(IdeEventQueue.kt:362)
	at com.intellij.ide.IdeEventQueue$dispatchEvent$processEventRunnable$1$1$1.compute(IdeEventQueue.kt:361)
	at com.intellij.openapi.progress.impl.CoreProgressManager.computePrioritized(CoreProgressManager.java:843)
	at com.intellij.ide.IdeEventQueue$dispatchEvent$processEventRunnable$1$1.invoke(IdeEventQueue.kt:361)
	at com.intellij.ide.IdeEventQueue$dispatchEvent$processEventRunnable$1$1.invoke(IdeEventQueue.kt:356)
	at com.intellij.ide.IdeEventQueueKt.performActivity$lambda$1(IdeEventQueue.kt:1022)
	at com.intellij.openapi.application.TransactionGuardImpl.performActivity(TransactionGuardImpl.java:114)
	at com.intellij.ide.IdeEventQueueKt.performActivity(IdeEventQueue.kt:1022)
	at com.intellij.ide.IdeEventQueue.dispatchEvent$lambda$7(IdeEventQueue.kt:356)
	at com.intellij.openapi.application.impl.RwLockHolder.runIntendedWriteActionOnCurrentThread(RwLockHolder.kt:209)
	at com.intellij.openapi.application.impl.ApplicationImpl.runIntendedWriteActionOnCurrentThread(ApplicationImpl.java:830)
	at com.intellij.ide.IdeEventQueue.dispatchEvent(IdeEventQueue.kt:398)
	at java.desktop/java.awt.EventDispatchThread.pumpOneEventForFilters(EventDispatchThread.java:207)
	at java.desktop/java.awt.EventDispatchThread.pumpEventsForFilter(EventDispatchThread.java:128)
	at java.desktop/java.awt.EventDispatchThread.pumpEventsForHierarchy(EventDispatchThread.java:117)
	at java.desktop/java.awt.EventDispatchThread.pumpEvents(EventDispatchThread.java:113)
	at java.desktop/java.awt.EventDispatchThread.pumpEvents(EventDispatchThread.java:105)
	at java.desktop/java.awt.EventDispatchThread.run(EventDispatchThread.java:92)
2024-05-27 06:17:19 INFO  ApacheHttpClient.getTask(488) - responseCode = 200
2024-05-27 06:17:28 INFO  ApacheHttpClient.completed(32) - responseCode = 200
2024-05-27 06:19:29 INFO  ApacheHttpClient.getWebResourceAsStream(502) - responseCode = 200
2024-05-27 06:19:29 WARN  AdvertisementDialog.<init>(76) - Error while setting button visibility.
java.lang.NoSuchFieldException: myOptionsButtons
	at java.base/java.lang.Class.getDeclaredField(Class.java:2610)
	at com.homework.plugin.dialog.AdvertisementDialog.<init>(AdvertisementDialog.java:70)
	at com.homework.plugin.button.ValidateButton.actionPerformed(ValidateButton.java:91)
	at com.intellij.openapi.actionSystem.impl.ActionButton.actionPerformed(ActionButton.java:234)
	at com.intellij.openapi.actionSystem.impl.ActionButton.lambda$performAction$2(ActionButton.java:213)
	at com.intellij.openapi.actionSystem.impl.ActionManagerImpl.performWithActionCallbacks(ActionManagerImpl.kt:1161)
	at com.intellij.openapi.actionSystem.ex.ActionUtil.performDumbAwareWithCallbacks(ActionUtil.kt:321)
	at com.intellij.openapi.actionSystem.impl.ActionButton.performAction(ActionButton.java:213)
	at com.intellij.openapi.actionSystem.impl.ActionButton.processMouseEvent(ActionButton.java:531)
	at java.desktop/java.awt.Component.processEvent(Component.java:6422)
	at java.desktop/java.awt.Container.processEvent(Container.java:2266)
	at java.desktop/java.awt.Component.dispatchEventImpl(Component.java:5027)
	at java.desktop/java.awt.Container.dispatchEventImpl(Container.java:2324)
	at java.desktop/java.awt.Component.dispatchEvent(Component.java:4855)
	at java.desktop/java.awt.LightweightDispatcher.retargetMouseEvent(Container.java:4969)
	at java.desktop/java.awt.LightweightDispatcher.processMouseEvent(Container.java:4583)
	at java.desktop/java.awt.LightweightDispatcher.dispatchEvent(Container.java:4524)
	at java.desktop/java.awt.Container.dispatchEventImpl(Container.java:2310)
	at java.desktop/java.awt.Window.dispatchEventImpl(Window.java:2809)
	at java.desktop/java.awt.Component.dispatchEvent(Component.java:4855)
	at java.desktop/java.awt.EventQueue.dispatchEventImpl(EventQueue.java:794)
	at java.desktop/java.awt.EventQueue$3.run(EventQueue.java:739)
	at java.desktop/java.awt.EventQueue$3.run(EventQueue.java:733)
	at java.base/java.security.AccessController.doPrivileged(AccessController.java:399)
	at java.base/java.security.ProtectionDomain$JavaSecurityAccessImpl.doIntersectionPrivilege(ProtectionDomain.java:86)
	at java.base/java.security.ProtectionDomain$JavaSecurityAccessImpl.doIntersectionPrivilege(ProtectionDomain.java:97)
	at java.desktop/java.awt.EventQueue$4.run(EventQueue.java:766)
	at java.desktop/java.awt.EventQueue$4.run(EventQueue.java:764)
	at java.base/java.security.AccessController.doPrivileged(AccessController.java:399)
	at java.base/java.security.ProtectionDomain$JavaSecurityAccessImpl.doIntersectionPrivilege(ProtectionDomain.java:86)
	at java.desktop/java.awt.EventQueue.dispatchEvent(EventQueue.java:763)
	at com.intellij.ide.IdeEventQueue.defaultDispatchEvent(IdeEventQueue.kt:699)
	at com.intellij.ide.IdeEventQueue.dispatchMouseEvent(IdeEventQueue.kt:638)
	at com.intellij.ide.IdeEventQueue._dispatchEvent$lambda$10(IdeEventQueue.kt:584)
	at com.intellij.openapi.application.impl.RwLockHolder.runWithEnabledImplicitRead(RwLockHolder.kt:138)
	at com.intellij.openapi.application.impl.RwLockHolder.runWithImplicitRead(RwLockHolder.kt:129)
	at com.intellij.ide.IdeEventQueue._dispatchEvent(IdeEventQueue.kt:584)
	at com.intellij.ide.IdeEventQueue.access$_dispatchEvent(IdeEventQueue.kt:77)
	at com.intellij.ide.IdeEventQueue$dispatchEvent$processEventRunnable$1$1$1.compute(IdeEventQueue.kt:362)
	at com.intellij.ide.IdeEventQueue$dispatchEvent$processEventRunnable$1$1$1.compute(IdeEventQueue.kt:361)
	at com.intellij.openapi.progress.impl.CoreProgressManager.computePrioritized(CoreProgressManager.java:843)
	at com.intellij.ide.IdeEventQueue$dispatchEvent$processEventRunnable$1$1.invoke(IdeEventQueue.kt:361)
	at com.intellij.ide.IdeEventQueue$dispatchEvent$processEventRunnable$1$1.invoke(IdeEventQueue.kt:356)
	at com.intellij.ide.IdeEventQueueKt.performActivity$lambda$1(IdeEventQueue.kt:1022)
	at com.intellij.openapi.application.TransactionGuardImpl.performActivity(TransactionGuardImpl.java:114)
	at com.intellij.ide.IdeEventQueueKt.performActivity(IdeEventQueue.kt:1022)
	at com.intellij.ide.IdeEventQueue.dispatchEvent$lambda$7(IdeEventQueue.kt:356)
	at com.intellij.openapi.application.impl.RwLockHolder.runIntendedWriteActionOnCurrentThread(RwLockHolder.kt:209)
	at com.intellij.openapi.application.impl.ApplicationImpl.runIntendedWriteActionOnCurrentThread(ApplicationImpl.java:830)
	at com.intellij.ide.IdeEventQueue.dispatchEvent(IdeEventQueue.kt:398)
	at java.desktop/java.awt.EventDispatchThread.pumpOneEventForFilters(EventDispatchThread.java:207)
	at java.desktop/java.awt.EventDispatchThread.pumpEventsForFilter(EventDispatchThread.java:128)
	at java.desktop/java.awt.EventDispatchThread.pumpEventsForHierarchy(EventDispatchThread.java:117)
	at java.desktop/java.awt.EventDispatchThread.pumpEvents(EventDispatchThread.java:113)
	at java.desktop/java.awt.EventDispatchThread.pumpEvents(EventDispatchThread.java:105)
	at java.desktop/java.awt.EventDispatchThread.run(EventDispatchThread.java:92)
2024-05-27 06:19:30 INFO  ApacheHttpClient.getTask(488) - responseCode = 200
2024-05-27 06:19:36 INFO  ApacheHttpClient.completed(32) - responseCode = 200
2024-05-27 06:24:37 INFO  ApacheHttpClient.getWebResourceAsStream(502) - responseCode = 200
2024-05-27 06:24:37 WARN  AdvertisementDialog.<init>(76) - Error while setting button visibility.
java.lang.NoSuchFieldException: myOptionsButtons
	at java.base/java.lang.Class.getDeclaredField(Class.java:2610)
	at com.homework.plugin.dialog.AdvertisementDialog.<init>(AdvertisementDialog.java:70)
	at com.homework.plugin.button.ValidateButton.actionPerformed(ValidateButton.java:91)
	at com.intellij.openapi.actionSystem.impl.ActionButton.actionPerformed(ActionButton.java:234)
	at com.intellij.openapi.actionSystem.impl.ActionButton.lambda$performAction$2(ActionButton.java:213)
	at com.intellij.openapi.actionSystem.impl.ActionManagerImpl.performWithActionCallbacks(ActionManagerImpl.kt:1161)
	at com.intellij.openapi.actionSystem.ex.ActionUtil.performDumbAwareWithCallbacks(ActionUtil.kt:321)
	at com.intellij.openapi.actionSystem.impl.ActionButton.performAction(ActionButton.java:213)
	at com.intellij.openapi.actionSystem.impl.ActionButton.processMouseEvent(ActionButton.java:531)
	at java.desktop/java.awt.Component.processEvent(Component.java:6422)
	at java.desktop/java.awt.Container.processEvent(Container.java:2266)
	at java.desktop/java.awt.Component.dispatchEventImpl(Component.java:5027)
	at java.desktop/java.awt.Container.dispatchEventImpl(Container.java:2324)
	at java.desktop/java.awt.Component.dispatchEvent(Component.java:4855)
	at java.desktop/java.awt.LightweightDispatcher.retargetMouseEvent(Container.java:4969)
	at java.desktop/java.awt.LightweightDispatcher.processMouseEvent(Container.java:4583)
	at java.desktop/java.awt.LightweightDispatcher.dispatchEvent(Container.java:4524)
	at java.desktop/java.awt.Container.dispatchEventImpl(Container.java:2310)
	at java.desktop/java.awt.Window.dispatchEventImpl(Window.java:2809)
	at java.desktop/java.awt.Component.dispatchEvent(Component.java:4855)
	at java.desktop/java.awt.EventQueue.dispatchEventImpl(EventQueue.java:794)
	at java.desktop/java.awt.EventQueue$3.run(EventQueue.java:739)
	at java.desktop/java.awt.EventQueue$3.run(EventQueue.java:733)
	at java.base/java.security.AccessController.doPrivileged(AccessController.java:399)
	at java.base/java.security.ProtectionDomain$JavaSecurityAccessImpl.doIntersectionPrivilege(ProtectionDomain.java:86)
	at java.base/java.security.ProtectionDomain$JavaSecurityAccessImpl.doIntersectionPrivilege(ProtectionDomain.java:97)
	at java.desktop/java.awt.EventQueue$4.run(EventQueue.java:766)
	at java.desktop/java.awt.EventQueue$4.run(EventQueue.java:764)
	at java.base/java.security.AccessController.doPrivileged(AccessController.java:399)
	at java.base/java.security.ProtectionDomain$JavaSecurityAccessImpl.doIntersectionPrivilege(ProtectionDomain.java:86)
	at java.desktop/java.awt.EventQueue.dispatchEvent(EventQueue.java:763)
	at com.intellij.ide.IdeEventQueue.defaultDispatchEvent(IdeEventQueue.kt:699)
	at com.intellij.ide.IdeEventQueue.dispatchMouseEvent(IdeEventQueue.kt:638)
	at com.intellij.ide.IdeEventQueue._dispatchEvent$lambda$10(IdeEventQueue.kt:584)
	at com.intellij.openapi.application.impl.RwLockHolder.runWithEnabledImplicitRead(RwLockHolder.kt:138)
	at com.intellij.openapi.application.impl.RwLockHolder.runWithImplicitRead(RwLockHolder.kt:129)
	at com.intellij.ide.IdeEventQueue._dispatchEvent(IdeEventQueue.kt:584)
	at com.intellij.ide.IdeEventQueue.access$_dispatchEvent(IdeEventQueue.kt:77)
	at com.intellij.ide.IdeEventQueue$dispatchEvent$processEventRunnable$1$1$1.compute(IdeEventQueue.kt:362)
	at com.intellij.ide.IdeEventQueue$dispatchEvent$processEventRunnable$1$1$1.compute(IdeEventQueue.kt:361)
	at com.intellij.openapi.progress.impl.CoreProgressManager.computePrioritized(CoreProgressManager.java:843)
	at com.intellij.ide.IdeEventQueue$dispatchEvent$processEventRunnable$1$1.invoke(IdeEventQueue.kt:361)
	at com.intellij.ide.IdeEventQueue$dispatchEvent$processEventRunnable$1$1.invoke(IdeEventQueue.kt:356)
	at com.intellij.ide.IdeEventQueueKt.performActivity$lambda$1(IdeEventQueue.kt:1022)
	at com.intellij.openapi.application.TransactionGuardImpl.performActivity(TransactionGuardImpl.java:114)
	at com.intellij.ide.IdeEventQueueKt.performActivity(IdeEventQueue.kt:1022)
	at com.intellij.ide.IdeEventQueue.dispatchEvent$lambda$7(IdeEventQueue.kt:356)
	at com.intellij.openapi.application.impl.RwLockHolder.runIntendedWriteActionOnCurrentThread(RwLockHolder.kt:209)
	at com.intellij.openapi.application.impl.ApplicationImpl.runIntendedWriteActionOnCurrentThread(ApplicationImpl.java:830)
	at com.intellij.ide.IdeEventQueue.dispatchEvent(IdeEventQueue.kt:398)
	at java.desktop/java.awt.EventDispatchThread.pumpOneEventForFilters(EventDispatchThread.java:207)
	at java.desktop/java.awt.EventDispatchThread.pumpEventsForFilter(EventDispatchThread.java:128)
	at java.desktop/java.awt.EventDispatchThread.pumpEventsForHierarchy(EventDispatchThread.java:117)
	at java.desktop/java.awt.EventDispatchThread.pumpEvents(EventDispatchThread.java:113)
	at java.desktop/java.awt.EventDispatchThread.pumpEvents(EventDispatchThread.java:105)
	at java.desktop/java.awt.EventDispatchThread.run(EventDispatchThread.java:92)
2024-05-27 06:24:38 INFO  ApacheHttpClient.getTask(488) - responseCode = 200
2024-05-27 06:24:45 INFO  ApacheHttpClient.completed(32) - responseCode = 200
2024-05-27 06:25:35 INFO  ApacheHttpClient.getWebResourceAsStream(502) - responseCode = 200
2024-05-27 06:25:35 WARN  AdvertisementDialog.<init>(76) - Error while setting button visibility.
java.lang.NoSuchFieldException: myOptionsButtons
	at java.base/java.lang.Class.getDeclaredField(Class.java:2610)
	at com.homework.plugin.dialog.AdvertisementDialog.<init>(AdvertisementDialog.java:70)
	at com.homework.plugin.button.ValidateButton.actionPerformed(ValidateButton.java:91)
	at com.intellij.openapi.actionSystem.impl.ActionButton.actionPerformed(ActionButton.java:234)
	at com.intellij.openapi.actionSystem.impl.ActionButton.lambda$performAction$2(ActionButton.java:213)
	at com.intellij.openapi.actionSystem.impl.ActionManagerImpl.performWithActionCallbacks(ActionManagerImpl.kt:1161)
	at com.intellij.openapi.actionSystem.ex.ActionUtil.performDumbAwareWithCallbacks(ActionUtil.kt:321)
	at com.intellij.openapi.actionSystem.impl.ActionButton.performAction(ActionButton.java:213)
	at com.intellij.openapi.actionSystem.impl.ActionButton.processMouseEvent(ActionButton.java:531)
	at java.desktop/java.awt.Component.processEvent(Component.java:6422)
	at java.desktop/java.awt.Container.processEvent(Container.java:2266)
	at java.desktop/java.awt.Component.dispatchEventImpl(Component.java:5027)
	at java.desktop/java.awt.Container.dispatchEventImpl(Container.java:2324)
	at java.desktop/java.awt.Component.dispatchEvent(Component.java:4855)
	at java.desktop/java.awt.LightweightDispatcher.retargetMouseEvent(Container.java:4969)
	at java.desktop/java.awt.LightweightDispatcher.processMouseEvent(Container.java:4583)
	at java.desktop/java.awt.LightweightDispatcher.dispatchEvent(Container.java:4524)
	at java.desktop/java.awt.Container.dispatchEventImpl(Container.java:2310)
	at java.desktop/java.awt.Window.dispatchEventImpl(Window.java:2809)
	at java.desktop/java.awt.Component.dispatchEvent(Component.java:4855)
	at java.desktop/java.awt.EventQueue.dispatchEventImpl(EventQueue.java:794)
	at java.desktop/java.awt.EventQueue$3.run(EventQueue.java:739)
	at java.desktop/java.awt.EventQueue$3.run(EventQueue.java:733)
	at java.base/java.security.AccessController.doPrivileged(AccessController.java:399)
	at java.base/java.security.ProtectionDomain$JavaSecurityAccessImpl.doIntersectionPrivilege(ProtectionDomain.java:86)
	at java.base/java.security.ProtectionDomain$JavaSecurityAccessImpl.doIntersectionPrivilege(ProtectionDomain.java:97)
	at java.desktop/java.awt.EventQueue$4.run(EventQueue.java:766)
	at java.desktop/java.awt.EventQueue$4.run(EventQueue.java:764)
	at java.base/java.security.AccessController.doPrivileged(AccessController.java:399)
	at java.base/java.security.ProtectionDomain$JavaSecurityAccessImpl.doIntersectionPrivilege(ProtectionDomain.java:86)
	at java.desktop/java.awt.EventQueue.dispatchEvent(EventQueue.java:763)
	at com.intellij.ide.IdeEventQueue.defaultDispatchEvent(IdeEventQueue.kt:699)
	at com.intellij.ide.IdeEventQueue.dispatchMouseEvent(IdeEventQueue.kt:638)
	at com.intellij.ide.IdeEventQueue._dispatchEvent$lambda$10(IdeEventQueue.kt:584)
	at com.intellij.openapi.application.impl.RwLockHolder.runWithEnabledImplicitRead(RwLockHolder.kt:138)
	at com.intellij.openapi.application.impl.RwLockHolder.runWithImplicitRead(RwLockHolder.kt:129)
	at com.intellij.ide.IdeEventQueue._dispatchEvent(IdeEventQueue.kt:584)
	at com.intellij.ide.IdeEventQueue.access$_dispatchEvent(IdeEventQueue.kt:77)
	at com.intellij.ide.IdeEventQueue$dispatchEvent$processEventRunnable$1$1$1.compute(IdeEventQueue.kt:362)
	at com.intellij.ide.IdeEventQueue$dispatchEvent$processEventRunnable$1$1$1.compute(IdeEventQueue.kt:361)
	at com.intellij.openapi.progress.impl.CoreProgressManager.computePrioritized(CoreProgressManager.java:843)
	at com.intellij.ide.IdeEventQueue$dispatchEvent$processEventRunnable$1$1.invoke(IdeEventQueue.kt:361)
	at com.intellij.ide.IdeEventQueue$dispatchEvent$processEventRunnable$1$1.invoke(IdeEventQueue.kt:356)
	at com.intellij.ide.IdeEventQueueKt.performActivity$lambda$1(IdeEventQueue.kt:1022)
	at com.intellij.openapi.application.TransactionGuardImpl.performActivity(TransactionGuardImpl.java:114)
	at com.intellij.ide.IdeEventQueueKt.performActivity(IdeEventQueue.kt:1022)
	at com.intellij.ide.IdeEventQueue.dispatchEvent$lambda$7(IdeEventQueue.kt:356)
	at com.intellij.openapi.application.impl.RwLockHolder.runIntendedWriteActionOnCurrentThread(RwLockHolder.kt:209)
	at com.intellij.openapi.application.impl.ApplicationImpl.runIntendedWriteActionOnCurrentThread(ApplicationImpl.java:830)
	at com.intellij.ide.IdeEventQueue.dispatchEvent(IdeEventQueue.kt:398)
	at java.desktop/java.awt.EventDispatchThread.pumpOneEventForFilters(EventDispatchThread.java:207)
	at java.desktop/java.awt.EventDispatchThread.pumpEventsForFilter(EventDispatchThread.java:128)
	at java.desktop/java.awt.EventDispatchThread.pumpEventsForHierarchy(EventDispatchThread.java:117)
	at java.desktop/java.awt.EventDispatchThread.pumpEvents(EventDispatchThread.java:113)
	at java.desktop/java.awt.EventDispatchThread.pumpEvents(EventDispatchThread.java:105)
	at java.desktop/java.awt.EventDispatchThread.run(EventDispatchThread.java:92)
2024-05-27 06:25:35 INFO  ApacheHttpClient.getTask(488) - responseCode = 200
2024-05-27 06:25:46 INFO  ApacheHttpClient.completed(32) - responseCode = 200
2024-05-27 06:27:04 INFO  ApacheHttpClient.getWebResourceAsStream(502) - responseCode = 200
2024-05-27 06:27:04 WARN  AdvertisementDialog.<init>(76) - Error while setting button visibility.
java.lang.NoSuchFieldException: myOptionsButtons
	at java.base/java.lang.Class.getDeclaredField(Class.java:2610)
	at com.homework.plugin.dialog.AdvertisementDialog.<init>(AdvertisementDialog.java:70)
	at com.homework.plugin.button.ValidateButton.actionPerformed(ValidateButton.java:91)
	at com.intellij.openapi.actionSystem.impl.ActionButton.actionPerformed(ActionButton.java:234)
	at com.intellij.openapi.actionSystem.impl.ActionButton.lambda$performAction$2(ActionButton.java:213)
	at com.intellij.openapi.actionSystem.impl.ActionManagerImpl.performWithActionCallbacks(ActionManagerImpl.kt:1161)
	at com.intellij.openapi.actionSystem.ex.ActionUtil.performDumbAwareWithCallbacks(ActionUtil.kt:321)
	at com.intellij.openapi.actionSystem.impl.ActionButton.performAction(ActionButton.java:213)
	at com.intellij.openapi.actionSystem.impl.ActionButton.processMouseEvent(ActionButton.java:531)
	at java.desktop/java.awt.Component.processEvent(Component.java:6422)
	at java.desktop/java.awt.Container.processEvent(Container.java:2266)
	at java.desktop/java.awt.Component.dispatchEventImpl(Component.java:5027)
	at java.desktop/java.awt.Container.dispatchEventImpl(Container.java:2324)
	at java.desktop/java.awt.Component.dispatchEvent(Component.java:4855)
	at java.desktop/java.awt.LightweightDispatcher.retargetMouseEvent(Container.java:4969)
	at java.desktop/java.awt.LightweightDispatcher.processMouseEvent(Container.java:4583)
	at java.desktop/java.awt.LightweightDispatcher.dispatchEvent(Container.java:4524)
	at java.desktop/java.awt.Container.dispatchEventImpl(Container.java:2310)
	at java.desktop/java.awt.Window.dispatchEventImpl(Window.java:2809)
	at java.desktop/java.awt.Component.dispatchEvent(Component.java:4855)
	at java.desktop/java.awt.EventQueue.dispatchEventImpl(EventQueue.java:794)
	at java.desktop/java.awt.EventQueue$3.run(EventQueue.java:739)
	at java.desktop/java.awt.EventQueue$3.run(EventQueue.java:733)
	at java.base/java.security.AccessController.doPrivileged(AccessController.java:399)
	at java.base/java.security.ProtectionDomain$JavaSecurityAccessImpl.doIntersectionPrivilege(ProtectionDomain.java:86)
	at java.base/java.security.ProtectionDomain$JavaSecurityAccessImpl.doIntersectionPrivilege(ProtectionDomain.java:97)
	at java.desktop/java.awt.EventQueue$4.run(EventQueue.java:766)
	at java.desktop/java.awt.EventQueue$4.run(EventQueue.java:764)
	at java.base/java.security.AccessController.doPrivileged(AccessController.java:399)
	at java.base/java.security.ProtectionDomain$JavaSecurityAccessImpl.doIntersectionPrivilege(ProtectionDomain.java:86)
	at java.desktop/java.awt.EventQueue.dispatchEvent(EventQueue.java:763)
	at com.intellij.ide.IdeEventQueue.defaultDispatchEvent(IdeEventQueue.kt:699)
	at com.intellij.ide.IdeEventQueue.dispatchMouseEvent(IdeEventQueue.kt:638)
	at com.intellij.ide.IdeEventQueue._dispatchEvent$lambda$10(IdeEventQueue.kt:584)
	at com.intellij.openapi.application.impl.RwLockHolder.runWithEnabledImplicitRead(RwLockHolder.kt:138)
	at com.intellij.openapi.application.impl.RwLockHolder.runWithImplicitRead(RwLockHolder.kt:129)
	at com.intellij.ide.IdeEventQueue._dispatchEvent(IdeEventQueue.kt:584)
	at com.intellij.ide.IdeEventQueue.access$_dispatchEvent(IdeEventQueue.kt:77)
	at com.intellij.ide.IdeEventQueue$dispatchEvent$processEventRunnable$1$1$1.compute(IdeEventQueue.kt:362)
	at com.intellij.ide.IdeEventQueue$dispatchEvent$processEventRunnable$1$1$1.compute(IdeEventQueue.kt:361)
	at com.intellij.openapi.progress.impl.CoreProgressManager.computePrioritized(CoreProgressManager.java:843)
	at com.intellij.ide.IdeEventQueue$dispatchEvent$processEventRunnable$1$1.invoke(IdeEventQueue.kt:361)
	at com.intellij.ide.IdeEventQueue$dispatchEvent$processEventRunnable$1$1.invoke(IdeEventQueue.kt:356)
	at com.intellij.ide.IdeEventQueueKt.performActivity$lambda$1(IdeEventQueue.kt:1022)
	at com.intellij.openapi.application.TransactionGuardImpl.performActivity(TransactionGuardImpl.java:114)
	at com.intellij.ide.IdeEventQueueKt.performActivity(IdeEventQueue.kt:1022)
	at com.intellij.ide.IdeEventQueue.dispatchEvent$lambda$7(IdeEventQueue.kt:356)
	at com.intellij.openapi.application.impl.RwLockHolder.runIntendedWriteActionOnCurrentThread(RwLockHolder.kt:209)
	at com.intellij.openapi.application.impl.ApplicationImpl.runIntendedWriteActionOnCurrentThread(ApplicationImpl.java:830)
	at com.intellij.ide.IdeEventQueue.dispatchEvent(IdeEventQueue.kt:398)
	at java.desktop/java.awt.EventDispatchThread.pumpOneEventForFilters(EventDispatchThread.java:207)
	at java.desktop/java.awt.EventDispatchThread.pumpEventsForFilter(EventDispatchThread.java:128)
	at java.desktop/java.awt.EventDispatchThread.pumpEventsForHierarchy(EventDispatchThread.java:117)
	at java.desktop/java.awt.EventDispatchThread.pumpEvents(EventDispatchThread.java:113)
	at java.desktop/java.awt.EventDispatchThread.pumpEvents(EventDispatchThread.java:105)
	at java.desktop/java.awt.EventDispatchThread.run(EventDispatchThread.java:92)
2024-05-27 06:27:09 INFO  ApacheHttpClient.getTask(488) - responseCode = 200
2024-05-27 06:27:20 INFO  ApacheHttpClient.completed(32) - responseCode = 200
2024-05-27 06:27:20 INFO  ApacheHttpClient.getTask(488) - responseCode = 200
2024-05-27 06:27:36 INFO  ProjectStartupHandler.projectClosing(155) - ---------- Project closed ----------

2024-05-27 06:27:37 INFO  ApacheHttpClient.getTask(488) - responseCode = 200
2024-05-27 06:27:37 INFO  ApacheHttpClient.getTask(488) - responseCode = 200
2024-05-27 06:27:37 INFO  ApacheHttpClient.getTask(488) - responseCode = 200
2024-05-27 06:27:38 INFO  PluginProjectService.dispose(41) - PluginProjectService for disposed.
